/Users/kreesen/.matplotlib is not a writable directory
Matplotlib created a temporary cache directory at /var/folders/5n/81w_tnxn7_37x7zwkqt47c740000gn/T/matplotlib-oeo5q7mm because there was an issue with the default path (/Users/kreesen/.matplotlib); it is highly recommended to set the MPLCONFIGDIR environment variable to a writable directory, in particular to speed up the import of Matplotlib and to better support multiprocessing.
Fontconfig error: No writable cache directories
Fontconfig error: No writable cache directories
Fontconfig error: No writable cache directories
Fontconfig error: No writable cache directories
Matplotlib is building the font cache; this may take a moment.
================================================================================
COLLABORATIVE FILTERING: SCIKIT-LEARN IMPLEMENTATION
================================================================================

[Step 1] Loading data...
Loading team standard sample...
Traceback (most recent call last):
  File "/Users/kreesen/Documents/deezer-multimodal-recommender/notebooks/03_baselines/baseline_collaborative_filtering.py", line 39, in <module>
    df = pd.read_csv('../data/processed/samples/cf_sample_500k.csv')
  File "/opt/anaconda3/lib/python3.13/site-packages/pandas/io/parsers/readers.py", line 873, in read_csv
    return _read(filepath_or_buffer, kwds)
  File "/opt/anaconda3/lib/python3.13/site-packages/pandas/io/parsers/readers.py", line 300, in _read
    parser = TextFileReader(filepath_or_buffer, **kwds)
  File "/opt/anaconda3/lib/python3.13/site-packages/pandas/io/parsers/readers.py", line 1645, in __init__
    self._engine = self._make_engine(f, self.engine)
                   ~~~~~~~~~~~~~~~~~^^^^^^^^^^^^^^^^
  File "/opt/anaconda3/lib/python3.13/site-packages/pandas/io/parsers/readers.py", line 1904, in _make_engine
    self.handles = get_handle(
                   ~~~~~~~~~~^
        f,
        ^^
    ...<6 lines>...
        storage_options=self.options.get("storage_options", None),
        ^^^^^^^^^^^^^^^^^^^^^^^^^^^^^^^^^^^^^^^^^^^^^^^^^^^^^^^^^^
    )
    ^
  File "/opt/anaconda3/lib/python3.13/site-packages/pandas/io/common.py", line 926, in get_handle
    handle = open(
        handle,
    ...<3 lines>...
        newline="",
    )
FileNotFoundError: [Errno 2] No such file or directory: '../data/processed/samples/cf_sample_500k.csv'
